Using /root/ansible-tower-setup-3.0.0/ansible.cfg as config file
[0;35m[DEPRECATION WARNING]: Instead of sudo/sudo_user, use become/become_user and make sure become_method is 'sudo' (default).
This feature will be removed in a future release. Deprecation warnings can be 
disabled by setting deprecation_warnings=False in ansible.cfg.[0m

PLAY [primary:secondary:database] **********************************************

TASK [check_config_static : Ensure expected variables are defined] *************
[0;36mskipping: [localhost] => (item=tower_package_name)  => {"changed": false, "item": "tower_package_name", "skip_reason": "Conditional check failed", "skipped": true}[0m
[0;36mskipping: [localhost] => (item=tower_package_version)  => {"changed": false, "item": "tower_package_version", "skip_reason": "Conditional check failed", "skipped": true}[0m
[0;36mskipping: [localhost] => (item=tower_package_release)  => {"changed": false, "item": "tower_package_release", "skip_reason": "Conditional check failed", "skipped": true}[0m

TASK [check_config_static : Ensure only one primary host exists] ***************
[0;36mskipping: [localhost] => {"changed": false, "skip_reason": "Conditional check failed", "skipped": true}[0m

TASK [check_config_static : Ensure only one database host exists] **************
[0;36mskipping: [localhost] => {"changed": false, "skip_reason": "Conditional check failed", "skipped": true}[0m

TASK [check_config_static : Ensure when postgres host is defined that the port is defined] ***
[0;36mskipping: [localhost] => {"changed": false, "skip_reason": "Conditional check failed", "skipped": true}[0m

TASK [check_config_static : Ensure that when a database host is specified, that pg_host and pg_port is defined] ***
[0;36mskipping: [localhost] => {"changed": false, "skip_reason": "Conditional check failed", "skipped": true}[0m

TASK [check_config_static : HA mode requires an external postgres database] ****
[0;36mskipping: [localhost] => {"changed": false, "skip_reason": "Conditional check failed", "skipped": true}[0m

TASK [config_dynamic : Set database to internal or external] *******************
[0;32mok: [localhost] => {"ansible_facts": {"config_dynamic_database": "internal"}, "changed": false}[0m

TASK [config_dynamic : Database decision] **************************************
[0;32mok: [localhost] => {
    "config_dynamic_database": "internal"
}[0m

TASK [config_dynamic : Set postgres host and port to local if not set] *********
[0;32mok: [localhost] => {"ansible_facts": {"pg_host": "127.0.0.1", "pg_port": 5432}, "changed": false}[0m

TASK [config_dynamic : Ensure connectivity to hosts and gather facts] **********
[0;32mok: [localhost][0m

TASK [config_dynamic : Ensure user is root] ************************************
[0;36mskipping: [localhost] => {"changed": false, "skip_reason": "Conditional check failed", "skipped": true}[0m

PLAY [Group nodes by OS distribution] ******************************************

TASK [setup] *******************************************************************
[0;32mok: [localhost][0m

TASK [group hosts by distribution] *********************************************
[0;32mok: [localhost] => {"add_group": "CentOS-6.8", "changed": false}[0m

PLAY [Group supported distributions] *******************************************

TASK [group hosts for supported distributions] *********************************
[0;32mok: [localhost] => {"add_group": "supported", "changed": false}[0m

PLAY [Ensure all node OS distributions are supported] **************************
[0;36mskipping: no hosts matched[0m

PLAY [Define role discovered variables, usable throughout the playbook] ********

TASK [postgres : include] ******************************************************
[0;36mincluded: /root/ansible-tower-setup-3.0.0/roles/postgres/tasks/vars.yml for localhost[0m

TASK [postgres : include_vars] *************************************************
[0;32mok: [localhost] => (item=/root/ansible-tower-setup-3.0.0/roles/postgres/templates/../vars/RedHat-6.yml) => {"ansible_facts": {"pg_conf_dir": "/var/lib/pgsql/9.4/data", "pg_conf_location": "{{ pg_conf_dir }}/postgresql.conf", "pg_hba_location": "{{ pg_conf_dir }}/pg_hba.conf", "pg_initdb_command": "service {{ postgres_init_name }} initdb", "postgres_init_name": "postgresql-9.4"}, "item": "/root/ansible-tower-setup-3.0.0/roles/postgres/templates/../vars/RedHat-6.yml"}[0m

TASK [postgres : include] ******************************************************
[0;36mskipping: [localhost] => {"changed": false, "skip_reason": "Conditional check failed", "skipped": true}[0m

TASK [postgres : include] ******************************************************
[0;36mskipping: [localhost] => {"changed": false, "skip_reason": "Conditional check failed", "skipped": true}[0m

TASK [httpd : include] *********************************************************
[0;36mincluded: /root/ansible-tower-setup-3.0.0/roles/httpd/tasks/vars.yml for localhost[0m

TASK [httpd : include_vars] ****************************************************
[0;32mok: [localhost] => (item=/root/ansible-tower-setup-3.0.0/roles/httpd/vars/RedHat-6.yml) => {"ansible_facts": {"apache_user": "apache", "htpasswd_cmd": "/opt/rh/httpd24/root/usr/bin/htpasswd", "httpd_init_name": "httpd24-httpd", "httpd_old_init_names": ["httpd"]}, "item": "/root/ansible-tower-setup-3.0.0/roles/httpd/vars/RedHat-6.yml"}[0m

TASK [httpd : include] *********************************************************
[0;36mskipping: [localhost] => {"changed": false, "skip_reason": "Conditional check failed", "skipped": true}[0m

TASK [supervisor : include] ****************************************************
[0;36mincluded: /root/ansible-tower-setup-3.0.0/roles/supervisor/tasks/vars.yml for localhost[0m

TASK [supervisor : include supervisor variables] *******************************
[0;32mok: [localhost] => (item=/root/ansible-tower-setup-3.0.0/roles/supervisor/templates/../vars/RedHat-6.yml) => {"ansible_facts": {"sup_conf_location": "/etc/supervisord.d/tower.ini", "sup_init_name": "supervisord", "sup_socket_location": "/var/tmp/supervisor.sock"}, "item": "/root/ansible-tower-setup-3.0.0/roles/supervisor/templates/../vars/RedHat-6.yml"}[0m

TASK [supervisor : include] ****************************************************
[0;36mskipping: [localhost] => {"changed": false, "skip_reason": "Conditional check failed", "skipped": true}[0m

TASK [awx_install : include] ***************************************************
[0;36mincluded: /root/ansible-tower-setup-3.0.0/roles/awx_install/tasks/vars.yml for localhost[0m

TASK [awx_install : include_vars] **********************************************
[0;32mok: [localhost] => (item=/root/ansible-tower-setup-3.0.0/roles/awx_install/templates/../../supervisor/vars/RedHat-6.yml) => {"ansible_facts": {"sup_conf_location": "/etc/supervisord.d/tower.ini", "sup_init_name": "supervisord", "sup_socket_location": "/var/tmp/supervisor.sock"}, "item": "/root/ansible-tower-setup-3.0.0/roles/awx_install/templates/../../supervisor/vars/RedHat-6.yml"}[0m

TASK [awx_install : include] ***************************************************
[0;36mskipping: [localhost] => {"changed": false, "skip_reason": "Conditional check failed", "skipped": true}[0m

PLAY [Sanity check and prep Tower node(s)] *************************************

TASK [preflight : Preflight check - Ubuntu 12.04 is deprecated] ****************
[0;36mskipping: [localhost] => {"changed": false, "skip_reason": "Conditional check failed", "skipped": true}[0m

TASK [preflight : Preflight check - Red Hat Enterprise Linux/CentOS 6 is deprecated] ***
[0;32mok: [localhost] => {
    "msg": "Support for running Tower on Red Hat Enterprise Linux 6 and CentOS 6 is deprecated, and will be removed in a future release."
}[0m

TASK [preflight : Preflight check - Fail if this machine lacks sufficient RAM.] 
[0;36mskipping: [localhost] => {"changed": false, "skip_reason": "Conditional check failed", "skipped": true}[0m

TASK [preflight : Preflight check - Get umask] *********************************
[0;32mok: [localhost] => {"changed": false, "cmd": "umask", "delta": "0:00:00.002572", "end": "2016-08-01 13:01:16.741867", "rc": 0, "start": "2016-08-01 13:01:16.739295", "stderr": "", "stdout": "0022", "stdout_lines": ["0022"], "warnings": []}[0m

TASK [preflight : Preflight check - Get Hard Max FD limit] *********************
[0;32mok: [localhost] => {"changed": false, "cmd": "ulimit -H -n", "delta": "0:00:00.002528", "end": "2016-08-01 13:01:16.893703", "rc": 0, "start": "2016-08-01 13:01:16.891175", "stderr": "", "stdout": "4096", "stdout_lines": ["4096"], "warnings": []}[0m

TASK [preflight : Preflight check - Does the system have a standard umask?] ****
[0;36mskipping: [localhost] => {"changed": false, "skip_reason": "Conditional check failed", "skipped": true}[0m

TASK [preflight : Preflight check - Verify minimum open fds] *******************
[0;36mskipping: [localhost] => {"changed": false, "skip_reason": "Conditional check failed", "skipped": true}[0m

TASK [preflight : Determine which mountpoint /var exists on] *******************
[0;32mok: [localhost] => {"changed": false, "cmd": "df /var | tail -n1 | awk '{print $NF}'", "delta": "0:00:00.005120", "end": "2016-08-01 13:01:17.150709", "rc": 0, "start": "2016-08-01 13:01:17.145589", "stderr": "", "stdout": "/", "stdout_lines": ["/"], "warnings": []}[0m

TASK [preflight : Preflight check - Does /var meet minimum disk space requirement] ***
[0;36mskipping: [localhost] => (item={u'uuid': u'176d098a-5e3a-4cb5-a7b6-a530d40d96de', u'size_total': 49331507200, u'mount': u'/', u'size_available': 44996923392, u'fstype': u'ext4', u'device': u'/dev/mapper/VolGroup-lv_root', u'options': u'rw'})  => {"changed": false, "item": {"device": "/dev/mapper/VolGroup-lv_root", "fstype": "ext4", "mount": "/", "options": "rw", "size_available": 44996923392, "size_total": 49331507200, "uuid": "176d098a-5e3a-4cb5-a7b6-a530d40d96de"}, "skip_reason": "Conditional check failed", "skipped": true}[0m
[0;36mskipping: [localhost] => (item={u'uuid': u'8ba9ccf3-e481-4301-b64c-0fdf39b760c2', u'size_total': 198902784, u'mount': u'/boot', u'size_available': 135182336, u'fstype': u'ext4', u'device': u'/dev/sda1', u'options': u'rw'})  => {"changed": false, "item": {"device": "/dev/sda1", "fstype": "ext4", "mount": "/boot", "options": "rw", "size_available": 135182336, "size_total": 198902784, "uuid": "8ba9ccf3-e481-4301-b64c-0fdf39b760c2"}, "skip_reason": "Conditional check failed", "skipped": true}[0m

TASK [preflight : Preflight check - Get /var/log permissions] ******************
[0;32mok: [localhost] => {"changed": false, "stat": {"atime": 1469951588.169373, "ctime": 1470037749.1483347, "dev": 64768, "exists": true, "gid": 0, "gr_name": "root", "inode": 259842, "isblk": false, "ischr": false, "isdir": true, "isfifo": false, "isgid": false, "islnk": false, "isreg": false, "issock": false, "isuid": false, "mode": "0755", "mtime": 1470037749.1483347, "nlink": 7, "path": "/var/log", "pw_name": "root", "rgrp": true, "roth": true, "rusr": true, "size": 4096, "uid": 0, "wgrp": false, "woth": false, "wusr": true, "xgrp": true, "xoth": true, "xusr": true}}[0m

TASK [preflight : Preflight check - Does /var/log have appropriate permissions?] ***
[0;36mskipping: [localhost] => {"changed": false, "skip_reason": "Conditional check failed", "skipped": true}[0m

TASK [preflight : Preflight check - Read in tower version] *********************
[0;31mfatal: [localhost]: FAILED! => {"changed": false, "failed": true, "msg": "file not found: /var/lib/awx/.tower_version"}[0m
[0;36m...ignoring[0m

TASK [preflight : Preflight check - User must be on Tower 2.4.x to upgrade to 3.0.x] ***
[0;36mskipping: [localhost] => {"changed": false, "skip_reason": "Conditional check failed", "skipped": true}[0m

TASK [preflight : Preflight check - Passwords must be defined for a fresh install] ***
[0;36mskipping: [localhost] => {"changed": false, "skip_reason": "Conditional check failed", "skipped": true}[0m

TASK [preflight : Preflight check - Read in yum version on OL6] ****************
[0;36mskipping: [localhost] => {"changed": false, "skip_reason": "Conditional check failed", "skipped": true}[0m

TASK [preflight : Preflight check - Verify yum is recent enough on OL6] ********
[0;36mskipping: [localhost] => {"changed": false, "skip_reason": "Conditional check failed", "skipped": true}[0m

TASK [migrations : Check to see if /etc/awx/ exists (Tower < 2.1).] ************
[0;32mok: [localhost] => {"changed": false, "stat": {"exists": false}}[0m

TASK [migrations : include] ****************************************************
[0;36mskipping: [localhost] => {"changed": false, "skip_reason": "Conditional check failed", "skipped": true}[0m

TASK [migrations : include] ****************************************************
[0;36mskipping: [localhost] => {"changed": false, "skip_reason": "Conditional check failed", "skipped": true}[0m

TASK [migrations : Check to see if /var/log/awx/ exists (Tower < 2.1).] ********
[0;32mok: [localhost] => {"changed": false, "stat": {"exists": false}}[0m

TASK [migrations : include] ****************************************************
[0;36mskipping: [localhost] => {"changed": false, "skip_reason": "Conditional check failed", "skipped": true}[0m

TASK [migrations : Check to see if DATABASES is defined in the main settings file.] ***
[0;31mfatal: [localhost]: FAILED! => {"changed": false, "cmd": "grep \"DATABASES = {\" /etc/tower/settings.py", "delta": "0:00:00.004397", "end": "2016-08-01 13:01:18.639558", "failed": true, "rc": 2, "start": "2016-08-01 13:01:18.635161", "stderr": "grep: /etc/tower/settings.py: No such file or directory", "stdout": "", "stdout_lines": [], "warnings": []}[0m
[0;36m...ignoring[0m

TASK [migrations : include] ****************************************************
[0;36mskipping: [localhost] => {"changed": false, "skip_reason": "Conditional check failed", "skipped": true}[0m

TASK [migrations : Check to see if celery is already configured for RabbitMQ.] *
[0;31mfatal: [localhost]: FAILED! => {"changed": false, "cmd": "grep \"amqp://\" /etc/tower/conf.d/celeryd.py", "delta": "0:00:00.003244", "end": "2016-08-01 13:01:18.836582", "failed": true, "rc": 2, "start": "2016-08-01 13:01:18.833338", "stderr": "grep: /etc/tower/conf.d/celeryd.py: No such file or directory", "stdout": "", "stdout_lines": [], "warnings": []}[0m
[0;36m...ignoring[0m

TASK [migrations : include] ****************************************************
[0;36mskipping: [localhost] => {"changed": false, "skip_reason": "Conditional check failed", "skipped": true}[0m

TASK [migrations : Check to see if the old awx SSL files exist.] ***************
[0;32mok: [localhost] => {"changed": false, "stat": {"exists": false}}[0m

TASK [migrations : include] ****************************************************
[0;36mskipping: [localhost] => {"changed": false, "skip_reason": "Conditional check failed", "skipped": true}[0m

TASK [migrations : Check to see if LDAP is defined in the main settings file.] *
[0;31mfatal: [localhost]: FAILED! => {"changed": false, "cmd": "grep \"import ldap\" /etc/tower/settings.py", "delta": "0:00:00.003149", "end": "2016-08-01 13:01:19.239658", "failed": true, "rc": 2, "start": "2016-08-01 13:01:19.236509", "stderr": "grep: /etc/tower/settings.py: No such file or directory", "stdout": "", "stdout_lines": [], "warnings": []}[0m
[0;36m...ignoring[0m

TASK [migrations : include] ****************************************************
[0;36mskipping: [localhost] => {"changed": false, "skip_reason": "Conditional check failed", "skipped": true}[0m

TASK [migrations : Check to see if PostgreSQL is installed and not on 9.4.] ****
[0;31mfatal: [localhost]: FAILED! => {"changed": false, "cmd": "psql --version", "delta": "0:00:00.002654", "end": "2016-08-01 13:01:19.439541", "failed": true, "rc": 127, "start": "2016-08-01 13:01:19.436887", "stderr": "/bin/bash: psql: command not found", "stdout": "", "stdout_lines": [], "warnings": []}[0m
[0;36m...ignoring[0m

TASK [migrations : include] ****************************************************
[0;36mskipping: [localhost] => {"changed": false, "skip_reason": "Conditional check failed", "skipped": true}[0m

TASK [migrations : Check Tower version for supervisor configuration] ***********
[0;31mfatal: [localhost]: FAILED! => {"changed": false, "cmd": "cat /var/lib/awx/.tower_version", "delta": "0:00:00.003000", "end": "2016-08-01 13:01:19.645179", "failed": true, "rc": 1, "start": "2016-08-01 13:01:19.642179", "stderr": "cat: /var/lib/awx/.tower_version: No such file or directory", "stdout": "", "stdout_lines": [], "warnings": []}[0m
[0;36m...ignoring[0m

TASK [migrations : include] ****************************************************
[0;36mskipping: [localhost] => {"changed": false, "skip_reason": "Conditional check failed", "skipped": true}[0m

TASK [migrations : Remove old ansible-tower service script] ********************
[0;32mok: [localhost] => {"changed": false, "path": "/etc/init.d/ansible-tower", "state": "absent"}[0m

TASK [migrations : Stop httpd if tower is installed] ***************************
[0;36mskipping: [localhost] => {"changed": false, "skip_reason": "Conditional check failed", "skipped": true}[0m

TASK [migrations : Stop httpd under its old name if needed] ********************
[0;36mskipping: [localhost] => {"changed": false, "skip_reason": "Conditional check failed", "skipped": true}[0m

TASK [migrations : Verify at least one httpd was stopped] **********************
[0;36mskipping: [localhost] => {"changed": false, "skip_reason": "Conditional check failed", "skipped": true}[0m

PLAY [Install postgres database node] ******************************************
[0;36mskipping: no hosts matched[0m

PLAY [Install Tower node(s)] ***************************************************

TASK [packages_el : include] ***************************************************
[0;36mincluded: /root/ansible-tower-setup-3.0.0/roles/packages_el/tasks/install_deps.yml for localhost[0m

TASK [packages_el : include_vars] **********************************************
[0;32mok: [localhost] => (item=/root/ansible-tower-setup-3.0.0/roles/packages_el/templates/../vars/CentOS-6.yml) => {"ansible_facts": {"el_dependencies": "{{ el6_dependencies }}", "tower_bundle_file": "tower_bundle_el6.j2", "tower_package_rpm": "python27-{{ packages_el_tower_package_name }} == {{ packages_el_tower_package_version }}", "yum_online_repo_files": ["epel-6.repo", "pgdg-94-centos.repo", "jlaska-supervisor-3-epel-6.repo", "jlaska-redis-28-epel-6.repo", "jlaska-proot-epel-6.repo"], "yum_repo_keys": ["10gen-gpg-key.asc", "RPM-GPG-KEY-EPEL-6", "RPM-GPG-KEY-PGDG-94", "RPM-GPG-KEY-ansible-release", "jlaska-supervisor-3-epel-6.gpg", "jlaska-redis-28-epel-6.gpg", "jlaska-proot-epel.gpg"], "yum_repo_packages": ["centos-release-scl", "centos-release-scl-rh"]}, "item": "/root/ansible-tower-setup-3.0.0/roles/packages_el/templates/../vars/CentOS-6.yml"}[0m

TASK [packages_el : Install playbook dependencies] *****************************
[0;32mok: [localhost] => (item=[u'python-psycopg2', u'python-setuptools', u'libselinux-python', u'setools-libs-python', u'yum-utils', u'sudo', u'acl']) => {"changed": false, "item": ["python-psycopg2", "python-setuptools", "libselinux-python", "setools-libs-python", "yum-utils", "sudo", "acl"], "msg": "", "rc": 0, "results": ["python-psycopg2-2.0.14-2.el6.x86_64 providing python-psycopg2 is already installed", "python-setuptools-0.6.10-3.el6.noarch providing python-setuptools is already installed", "libselinux-python-2.0.94-7.el6.x86_64 providing libselinux-python is already installed", "setools-libs-python-3.3.7-4.el6.x86_64 providing setools-libs-python is already installed", "yum-utils-1.1.30-37.el6.noarch providing yum-utils is already installed", "sudo-1.8.6p3-24.el6.x86_64 providing sudo is already installed", "acl-2.2.49-6.el6.x86_64 providing acl is already installed"]}[0m

TASK [packages_el : Install yum repositories] **********************************
[0;32mok: [localhost] => (item=epel-6.repo) => {"changed": false, "checksum": "479400d0f7c82226e14381b62e06f676bcfbd6b1", "dest": "/etc/yum.repos.d/epel-6.repo", "gid": 0, "group": "root", "item": "epel-6.repo", "mode": "0644", "owner": "root", "path": "/etc/yum.repos.d/epel-6.repo", "size": 616, "state": "file", "uid": 0}[0m
[0;32mok: [localhost] => (item=pgdg-94-centos.repo) => {"changed": false, "checksum": "0137640db633feeb004e58282d3e75039f99fa2e", "dest": "/etc/yum.repos.d/pgdg-94-centos.repo", "gid": 0, "group": "root", "item": "pgdg-94-centos.repo", "mode": "0644", "owner": "root", "path": "/etc/yum.repos.d/pgdg-94-centos.repo", "size": 402, "state": "file", "uid": 0}[0m
[0;32mok: [localhost] => (item=jlaska-supervisor-3-epel-6.repo) => {"changed": false, "checksum": "3c881d16b17807ec53de8f589a780f56c046bfdc", "dest": "/etc/yum.repos.d/jlaska-supervisor-3-epel-6.repo", "gid": 0, "group": "root", "item": "jlaska-supervisor-3-epel-6.repo", "mode": "0644", "owner": "root", "path": "/etc/yum.repos.d/jlaska-supervisor-3-epel-6.repo", "size": 290, "state": "file", "uid": 0}[0m
[0;32mok: [localhost] => (item=jlaska-redis-28-epel-6.repo) => {"changed": false, "checksum": "c0cf8dbc48f4012eb90cf4820d087e8d1a732731", "dest": "/etc/yum.repos.d/jlaska-redis-28-epel-6.repo", "gid": 0, "group": "root", "item": "jlaska-redis-28-epel-6.repo", "mode": "0644", "owner": "root", "path": "/etc/yum.repos.d/jlaska-redis-28-epel-6.repo", "size": 275, "state": "file", "uid": 0}[0m
[0;32mok: [localhost] => (item=jlaska-proot-epel-6.repo) => {"changed": false, "checksum": "a5b52ec5741398d25ac3bb28175ad260a47217ec", "dest": "/etc/yum.repos.d/jlaska-proot-epel-6.repo", "gid": 0, "group": "root", "item": "jlaska-proot-epel-6.repo", "mode": "0644", "owner": "root", "path": "/etc/yum.repos.d/jlaska-proot-epel-6.repo", "size": 286, "state": "file", "uid": 0}[0m

TASK [packages_el : Install yum repo keys] *************************************
[0;32mok: [localhost] => (item=10gen-gpg-key.asc) => {"changed": false, "checksum": "464c419325f4305c6a14795a926a5061aafb27f3", "dest": "/etc/pki/rpm-gpg/10gen-gpg-key.asc", "gid": 0, "group": "root", "item": "10gen-gpg-key.asc", "mode": "0644", "owner": "root", "path": "/etc/pki/rpm-gpg/10gen-gpg-key.asc", "size": 1721, "state": "file", "uid": 0}[0m
[0;32mok: [localhost] => (item=RPM-GPG-KEY-EPEL-6) => {"changed": false, "checksum": "85d34cf5673a77fe7c9a7a00cdc1171b273ba6f1", "dest": "/etc/pki/rpm-gpg/RPM-GPG-KEY-EPEL-6", "gid": 0, "group": "root", "item": "RPM-GPG-KEY-EPEL-6", "mode": "0644", "owner": "root", "path": "/etc/pki/rpm-gpg/RPM-GPG-KEY-EPEL-6", "size": 1649, "state": "file", "uid": 0}[0m
[0;32mok: [localhost] => (item=RPM-GPG-KEY-PGDG-94) => {"changed": false, "checksum": "fd0e604c59df16f951a847d269f12818786a930c", "dest": "/etc/pki/rpm-gpg/RPM-GPG-KEY-PGDG-94", "gid": 0, "group": "root", "item": "RPM-GPG-KEY-PGDG-94", "mode": "0644", "owner": "root", "path": "/etc/pki/rpm-gpg/RPM-GPG-KEY-PGDG-94", "size": 1726, "state": "file", "uid": 0}[0m
[0;32mok: [localhost] => (item=RPM-GPG-KEY-ansible-release) => {"changed": false, "checksum": "3f6935054f3c035f5c051010c68c2e22969230fa", "dest": "/etc/pki/rpm-gpg/RPM-GPG-KEY-ansible-release", "gid": 0, "group": "root", "item": "RPM-GPG-KEY-ansible-release", "mode": "0644", "owner": "root", "path": "/etc/pki/rpm-gpg/RPM-GPG-KEY-ansible-release", "size": 3130, "state": "file", "uid": 0}[0m
[0;32mok: [localhost] => (item=jlaska-supervisor-3-epel-6.gpg) => {"changed": false, "checksum": "a612a1d52ebfe96aeaaf60cd60522be1d33785cf", "dest": "/etc/pki/rpm-gpg/jlaska-supervisor-3-epel-6.gpg", "gid": 0, "group": "root", "item": "jlaska-supervisor-3-epel-6.gpg", "mode": "0644", "owner": "root", "path": "/etc/pki/rpm-gpg/jlaska-supervisor-3-epel-6.gpg", "size": 999, "state": "file", "uid": 0}[0m
[0;32mok: [localhost] => (item=jlaska-redis-28-epel-6.gpg) => {"changed": false, "checksum": "7345aafe0be4d7dc5fc3615baefc47bc355f2e51", "dest": "/etc/pki/rpm-gpg/jlaska-redis-28-epel-6.gpg", "gid": 0, "group": "root", "item": "jlaska-redis-28-epel-6.gpg", "mode": "0644", "owner": "root", "path": "/etc/pki/rpm-gpg/jlaska-redis-28-epel-6.gpg", "size": 991, "state": "file", "uid": 0}[0m
[0;32mok: [localhost] => (item=jlaska-proot-epel.gpg) => {"changed": false, "checksum": "0714c3a5aef0450fa5d1c79cb2b90048313689bb", "dest": "/etc/pki/rpm-gpg/jlaska-proot-epel.gpg", "gid": 0, "group": "root", "item": "jlaska-proot-epel.gpg", "mode": "0644", "owner": "root", "path": "/etc/pki/rpm-gpg/jlaska-proot-epel.gpg", "size": 983, "state": "file", "uid": 0}[0m

TASK [packages_el : Install yum repos that arrive via release packages] ********
[0;32mok: [localhost] => (item=[u'centos-release-scl', u'centos-release-scl-rh']) => {"changed": false, "failed": true, "item": ["centos-release-scl", "centos-release-scl-rh"], "msg": "No Package matching 'centos-release-scl' found available, installed or updated", "rc": 0, "results": []}[0m
	to retry, use: --limit @install.retry

PLAY RECAP *********************************************************************
[0;31mlocalhost[0m                  : [0;32mok[0m[0;32m=[0m[0;32m35[0m   changed=0    unreachable=0    [0;31mfailed[0m[0;31m=[0m[0;31m1[0m   

